INFO 2026-01-17 17:25:27,167 autoreload Watching for file changes with StatReloader
INFO 2026-01-17 17:26:31,431 log "POST /api/members/ HTTP/1.1" 201 137
INFO 2026-01-17 17:26:31,473 log "POST /api/books/ HTTP/1.1" 201 176
INFO 2026-01-17 17:26:31,523 log "GET /api/books/ HTTP/1.1" 200 178
INFO 2026-01-17 17:28:39,551 log "POST /api/books/1/borrow/ HTTP/1.1" 200 117
INFO 2026-01-17 17:28:39,594 log "GET /api/books/1/ HTTP/1.1" 200 202
INFO 2026-01-17 17:28:39,633 log "POST /api/books/1/return/ HTTP/1.1" 200 117
INFO 2026-01-17 17:28:39,668 log "GET /api/books/1/ HTTP/1.1" 200 176
INFO 2026-01-17 17:49:17,800 autoreload Watching for file changes with StatReloader
INFO 2026-01-17 17:50:30,818 autoreload Watching for file changes with StatReloader
INFO 2026-01-17 17:51:18,770 autoreload Watching for file changes with StatReloader
INFO 2026-01-17 17:51:39,512 autoreload Watching for file changes with StatReloader
INFO 2026-01-17 17:53:21,163 autoreload Watching for file changes with StatReloader
INFO 2026-01-17 17:53:30,432 autoreload Watching for file changes with StatReloader
INFO 2026-01-17 17:54:13,295 log "GET /api/books?limit=20&recent=true HTTP/1.1" 301 0
INFO 2026-01-17 17:54:39,038 autoreload Watching for file changes with StatReloader
INFO 2026-01-17 17:55:02,390 autoreload Watching for file changes with StatReloader
INFO 2026-01-17 17:55:25,356 autoreload Watching for file changes with StatReloader
WARNING 2026-01-17 17:56:18,319 log Not Found: /
WARNING 2026-01-17 17:56:18,320 log "GET / HTTP/1.1" 404 2304
WARNING 2026-01-17 17:56:18,362 log Not Found: /favicon.ico
WARNING 2026-01-17 17:56:18,362 log "GET /favicon.ico HTTP/1.1" 404 2355
INFO 2026-01-17 17:56:22,094 log "GET /admin HTTP/1.1" 301 0
INFO 2026-01-17 17:56:22,108 log "GET /admin/ HTTP/1.1" 302 0
INFO 2026-01-17 17:56:22,138 log "GET /admin/login/?next=/admin/ HTTP/1.1" 200 4080
INFO 2026-01-17 17:56:22,167 log "GET /static/admin/css/dark_mode.css HTTP/1.1" 200 3538
INFO 2026-01-17 17:56:22,168 log "GET /static/admin/css/login.css HTTP/1.1" 200 951
INFO 2026-01-17 17:56:22,169 log "GET /static/admin/js/theme.js HTTP/1.1" 200 1653
INFO 2026-01-17 17:56:22,169 log "GET /static/admin/css/nav_sidebar.css HTTP/1.1" 200 2810
INFO 2026-01-17 17:56:22,169 log "GET /static/admin/css/base.css HTTP/1.1" 200 23100
INFO 2026-01-17 17:56:22,170 log "GET /static/admin/css/responsive.css HTTP/1.1" 200 16273
INFO 2026-01-17 17:56:22,173 log "GET /static/admin/js/nav_sidebar.js HTTP/1.1" 200 3063
INFO 2026-01-17 18:00:37,241 autoreload Watching for file changes with StatReloader
INFO 2026-01-17 18:00:40,172 log "GET /api/books?limit=20&recent=true HTTP/1.1" 301 0
INFO 2026-01-17 18:01:14,295 autoreload /Users/nuralikhoja/Desktop/assignments/numino/django_backend/numino/settings.py changed, reloading.
INFO 2026-01-17 18:01:14,610 autoreload Watching for file changes with StatReloader
INFO 2026-01-17 18:01:44,450 autoreload Watching for file changes with StatReloader
ERROR 2026-01-17 18:02:36,268 log Invalid HTTP_HOST header: '0.0.0.0:8000'. You may need to add '0.0.0.0' to ALLOWED_HOSTS.
Traceback (most recent call last):
  File "/Users/nuralikhoja/Desktop/assignments/numino/django_backend/venv/lib/python3.12/site-packages/django/core/handlers/exception.py", line 55, in inner
    response = get_response(request)
               ^^^^^^^^^^^^^^^^^^^^^
  File "/Users/nuralikhoja/Desktop/assignments/numino/django_backend/venv/lib/python3.12/site-packages/django/utils/deprecation.py", line 308, in __call__
    response = self.process_request(request)
               ^^^^^^^^^^^^^^^^^^^^^^^^^^^^^
  File "/Users/nuralikhoja/Desktop/assignments/numino/django_backend/venv/lib/python3.12/site-packages/django/middleware/common.py", line 48, in process_request
    host = request.get_host()
           ^^^^^^^^^^^^^^^^^^
  File "/Users/nuralikhoja/Desktop/assignments/numino/django_backend/venv/lib/python3.12/site-packages/django/http/request.py", line 205, in get_host
    raise DisallowedHost(msg)
django.core.exceptions.DisallowedHost: Invalid HTTP_HOST header: '0.0.0.0:8000'. You may need to add '0.0.0.0' to ALLOWED_HOSTS.
WARNING 2026-01-17 18:02:36,271 log "GET / HTTP/1.1" 400 82031
ERROR 2026-01-17 18:02:36,434 log Invalid HTTP_HOST header: '0.0.0.0:8000'. You may need to add '0.0.0.0' to ALLOWED_HOSTS.
Traceback (most recent call last):
  File "/Users/nuralikhoja/Desktop/assignments/numino/django_backend/venv/lib/python3.12/site-packages/django/core/handlers/exception.py", line 55, in inner
    response = get_response(request)
               ^^^^^^^^^^^^^^^^^^^^^
  File "/Users/nuralikhoja/Desktop/assignments/numino/django_backend/venv/lib/python3.12/site-packages/django/utils/deprecation.py", line 308, in __call__
    response = self.process_request(request)
               ^^^^^^^^^^^^^^^^^^^^^^^^^^^^^
  File "/Users/nuralikhoja/Desktop/assignments/numino/django_backend/venv/lib/python3.12/site-packages/django/middleware/common.py", line 48, in process_request
    host = request.get_host()
           ^^^^^^^^^^^^^^^^^^
  File "/Users/nuralikhoja/Desktop/assignments/numino/django_backend/venv/lib/python3.12/site-packages/django/http/request.py", line 205, in get_host
    raise DisallowedHost(msg)
django.core.exceptions.DisallowedHost: Invalid HTTP_HOST header: '0.0.0.0:8000'. You may need to add '0.0.0.0' to ALLOWED_HOSTS.
WARNING 2026-01-17 18:02:36,434 log "GET /favicon.ico HTTP/1.1" 400 82082
INFO 2026-01-17 18:02:59,577 autoreload Watching for file changes with StatReloader
ERROR 2026-01-17 18:03:03,032 log Invalid HTTP_HOST header: '0.0.0.0:8000'. You may need to add '0.0.0.0' to ALLOWED_HOSTS.
Traceback (most recent call last):
  File "/Users/nuralikhoja/Desktop/assignments/numino/django_backend/venv/lib/python3.12/site-packages/django/core/handlers/exception.py", line 55, in inner
    response = get_response(request)
               ^^^^^^^^^^^^^^^^^^^^^
  File "/Users/nuralikhoja/Desktop/assignments/numino/django_backend/venv/lib/python3.12/site-packages/django/utils/deprecation.py", line 308, in __call__
    response = self.process_request(request)
               ^^^^^^^^^^^^^^^^^^^^^^^^^^^^^
  File "/Users/nuralikhoja/Desktop/assignments/numino/django_backend/venv/lib/python3.12/site-packages/django/middleware/common.py", line 48, in process_request
    host = request.get_host()
           ^^^^^^^^^^^^^^^^^^
  File "/Users/nuralikhoja/Desktop/assignments/numino/django_backend/venv/lib/python3.12/site-packages/django/http/request.py", line 205, in get_host
    raise DisallowedHost(msg)
django.core.exceptions.DisallowedHost: Invalid HTTP_HOST header: '0.0.0.0:8000'. You may need to add '0.0.0.0' to ALLOWED_HOSTS.
WARNING 2026-01-17 18:03:03,036 log "GET / HTTP/1.1" 400 82164
ERROR 2026-01-17 18:03:03,160 log Invalid HTTP_HOST header: '0.0.0.0:8000'. You may need to add '0.0.0.0' to ALLOWED_HOSTS.
Traceback (most recent call last):
  File "/Users/nuralikhoja/Desktop/assignments/numino/django_backend/venv/lib/python3.12/site-packages/django/core/handlers/exception.py", line 55, in inner
    response = get_response(request)
               ^^^^^^^^^^^^^^^^^^^^^
  File "/Users/nuralikhoja/Desktop/assignments/numino/django_backend/venv/lib/python3.12/site-packages/django/utils/deprecation.py", line 308, in __call__
    response = self.process_request(request)
               ^^^^^^^^^^^^^^^^^^^^^^^^^^^^^
  File "/Users/nuralikhoja/Desktop/assignments/numino/django_backend/venv/lib/python3.12/site-packages/django/middleware/common.py", line 48, in process_request
    host = request.get_host()
           ^^^^^^^^^^^^^^^^^^
  File "/Users/nuralikhoja/Desktop/assignments/numino/django_backend/venv/lib/python3.12/site-packages/django/http/request.py", line 205, in get_host
    raise DisallowedHost(msg)
django.core.exceptions.DisallowedHost: Invalid HTTP_HOST header: '0.0.0.0:8000'. You may need to add '0.0.0.0' to ALLOWED_HOSTS.
WARNING 2026-01-17 18:03:03,161 log "GET /favicon.ico HTTP/1.1" 400 82078
ERROR 2026-01-17 18:03:07,119 log Invalid HTTP_HOST header: '0.0.0.0:8000'. You may need to add '0.0.0.0' to ALLOWED_HOSTS.
Traceback (most recent call last):
  File "/Users/nuralikhoja/Desktop/assignments/numino/django_backend/venv/lib/python3.12/site-packages/django/core/handlers/exception.py", line 55, in inner
    response = get_response(request)
               ^^^^^^^^^^^^^^^^^^^^^
  File "/Users/nuralikhoja/Desktop/assignments/numino/django_backend/venv/lib/python3.12/site-packages/django/utils/deprecation.py", line 308, in __call__
    response = self.process_request(request)
               ^^^^^^^^^^^^^^^^^^^^^^^^^^^^^
  File "/Users/nuralikhoja/Desktop/assignments/numino/django_backend/venv/lib/python3.12/site-packages/django/middleware/common.py", line 48, in process_request
    host = request.get_host()
           ^^^^^^^^^^^^^^^^^^
  File "/Users/nuralikhoja/Desktop/assignments/numino/django_backend/venv/lib/python3.12/site-packages/django/http/request.py", line 205, in get_host
    raise DisallowedHost(msg)
django.core.exceptions.DisallowedHost: Invalid HTTP_HOST header: '0.0.0.0:8000'. You may need to add '0.0.0.0' to ALLOWED_HOSTS.
WARNING 2026-01-17 18:03:07,119 log "GET /admin HTTP/1.1" 400 82082
ERROR 2026-01-17 18:03:07,216 log Invalid HTTP_HOST header: '0.0.0.0:8000'. You may need to add '0.0.0.0' to ALLOWED_HOSTS.
Traceback (most recent call last):
  File "/Users/nuralikhoja/Desktop/assignments/numino/django_backend/venv/lib/python3.12/site-packages/django/core/handlers/exception.py", line 55, in inner
    response = get_response(request)
               ^^^^^^^^^^^^^^^^^^^^^
  File "/Users/nuralikhoja/Desktop/assignments/numino/django_backend/venv/lib/python3.12/site-packages/django/utils/deprecation.py", line 308, in __call__
    response = self.process_request(request)
               ^^^^^^^^^^^^^^^^^^^^^^^^^^^^^
  File "/Users/nuralikhoja/Desktop/assignments/numino/django_backend/venv/lib/python3.12/site-packages/django/middleware/common.py", line 48, in process_request
    host = request.get_host()
           ^^^^^^^^^^^^^^^^^^
  File "/Users/nuralikhoja/Desktop/assignments/numino/django_backend/venv/lib/python3.12/site-packages/django/http/request.py", line 205, in get_host
    raise DisallowedHost(msg)
django.core.exceptions.DisallowedHost: Invalid HTTP_HOST header: '0.0.0.0:8000'. You may need to add '0.0.0.0' to ALLOWED_HOSTS.
WARNING 2026-01-17 18:03:07,216 log "GET /favicon.ico HTTP/1.1" 400 82083
INFO 2026-01-17 18:03:17,869 autoreload Watching for file changes with StatReloader
INFO 2026-01-17 18:03:20,161 log "GET /admin HTTP/1.1" 301 0
INFO 2026-01-17 18:03:20,205 log "GET /admin/ HTTP/1.1" 302 0
INFO 2026-01-17 18:03:20,270 log "GET /admin/login/?next=/admin/ HTTP/1.1" 200 4080
INFO 2026-01-17 18:03:20,307 log "GET /static/admin/css/nav_sidebar.css HTTP/1.1" 200 2810
INFO 2026-01-17 18:03:20,309 log "GET /static/admin/js/theme.js HTTP/1.1" 200 1653
INFO 2026-01-17 18:03:20,309 log "GET /static/admin/css/base.css HTTP/1.1" 200 23100
INFO 2026-01-17 18:03:20,311 log "GET /static/admin/css/dark_mode.css HTTP/1.1" 200 3538
INFO 2026-01-17 18:03:20,311 log "GET /static/admin/css/login.css HTTP/1.1" 200 951
INFO 2026-01-17 18:03:20,313 log "GET /static/admin/css/responsive.css HTTP/1.1" 200 16273
INFO 2026-01-17 18:03:20,314 log "GET /static/admin/js/nav_sidebar.js HTTP/1.1" 200 3063
WARNING 2026-01-17 18:03:20,386 log Not Found: /favicon.ico
WARNING 2026-01-17 18:03:20,386 log "GET /favicon.ico HTTP/1.1" 404 2353
INFO 2026-01-17 18:03:48,234 log "POST /admin/login/?next=/admin/ HTTP/1.1" 302 0
INFO 2026-01-17 18:03:48,297 log "GET /admin/ HTTP/1.1" 200 6027
INFO 2026-01-17 18:03:48,338 log "GET /static/admin/css/responsive.css HTTP/1.1" 304 0
INFO 2026-01-17 18:03:48,339 log "GET /static/admin/css/base.css HTTP/1.1" 304 0
INFO 2026-01-17 18:03:48,340 log "GET /static/admin/css/nav_sidebar.css HTTP/1.1" 304 0
INFO 2026-01-17 18:03:48,341 log "GET /static/admin/js/theme.js HTTP/1.1" 304 0
INFO 2026-01-17 18:03:48,341 log "GET /static/admin/css/dark_mode.css HTTP/1.1" 304 0
INFO 2026-01-17 18:03:48,342 log "GET /static/admin/css/dashboard.css HTTP/1.1" 200 441
INFO 2026-01-17 18:03:48,348 log "GET /static/admin/js/nav_sidebar.js HTTP/1.1" 304 0
INFO 2026-01-17 18:03:48,355 log "GET /static/admin/img/icon-changelink.svg HTTP/1.1" 200 978
INFO 2026-01-17 18:03:48,355 log "GET /static/admin/img/icon-addlink.svg HTTP/1.1" 200 593
INFO 2026-01-17 18:05:52,109 log "GET /admin/ HTTP/1.1" 200 6027
INFO 2026-01-17 18:05:52,150 log "GET /static/admin/css/dark_mode.css HTTP/1.1" 304 0
INFO 2026-01-17 18:05:52,152 log "GET /static/admin/css/base.css HTTP/1.1" 304 0
INFO 2026-01-17 18:05:52,152 log "GET /static/admin/js/theme.js HTTP/1.1" 304 0
INFO 2026-01-17 18:05:52,153 log "GET /static/admin/css/nav_sidebar.css HTTP/1.1" 304 0
INFO 2026-01-17 18:05:52,156 log "GET /static/admin/css/responsive.css HTTP/1.1" 304 0
INFO 2026-01-17 18:05:52,158 log "GET /static/admin/js/nav_sidebar.js HTTP/1.1" 304 0
INFO 2026-01-17 18:05:52,158 log "GET /static/admin/css/dashboard.css HTTP/1.1" 304 0
INFO 2026-01-17 18:05:54,049 log "GET /admin/ HTTP/1.1" 200 6027
INFO 2026-01-17 18:07:35,464 autoreload Watching for file changes with StatReloader
WARNING 2026-01-17 18:07:39,081 log Not Found: /
WARNING 2026-01-17 18:07:39,081 log "GET / HTTP/1.1" 404 2304
WARNING 2026-01-17 18:07:39,218 log Not Found: /favicon.ico
WARNING 2026-01-17 18:07:39,218 log "GET /favicon.ico HTTP/1.1" 404 2355
INFO 2026-01-17 18:07:43,430 log "GET /admin HTTP/1.1" 301 0
INFO 2026-01-17 18:07:43,442 log "GET /admin/ HTTP/1.1" 302 0
INFO 2026-01-17 18:07:43,472 log "GET /admin/login/?next=/admin/ HTTP/1.1" 200 4080
INFO 2026-01-17 18:07:43,510 log "GET /static/admin/css/responsive.css HTTP/1.1" 200 16273
INFO 2026-01-17 18:07:43,511 log "GET /static/admin/css/nav_sidebar.css HTTP/1.1" 200 2810
INFO 2026-01-17 18:07:43,511 log "GET /static/admin/css/dark_mode.css HTTP/1.1" 200 3538
INFO 2026-01-17 18:07:43,511 log "GET /static/admin/css/base.css HTTP/1.1" 200 23100
INFO 2026-01-17 18:07:43,515 log "GET /static/admin/js/theme.js HTTP/1.1" 200 1653
INFO 2026-01-17 18:07:43,515 log "GET /static/admin/css/login.css HTTP/1.1" 200 951
INFO 2026-01-17 18:07:43,527 log "GET /static/admin/js/nav_sidebar.js HTTP/1.1" 200 3063
INFO 2026-01-17 18:07:50,363 log "POST /admin/login/?next=/admin/ HTTP/1.1" 200 4254
WARNING 2026-01-17 18:08:17,872 log Not Found: /favicon.ico
WARNING 2026-01-17 18:08:17,873 log "GET /favicon.ico HTTP/1.1" 404 2355
INFO 2026-01-17 18:09:24,985 log "GET /api/books?limit=20&recent=true HTTP/1.1" 301 0
INFO 2026-01-17 18:09:25,057 log "GET /api/books/?limit=20&recent=true HTTP/1.1" 200 178
INFO 2026-01-17 18:10:07,437 autoreload /Users/nuralikhoja/Desktop/assignments/numino/django_backend/numino/settings.py changed, reloading.
INFO 2026-01-17 18:10:07,781 autoreload Watching for file changes with StatReloader
INFO 2026-01-17 18:10:07,956 autoreload /Users/nuralikhoja/Desktop/assignments/numino/django_backend/numino/settings.py changed, reloading.
INFO 2026-01-17 18:10:08,509 autoreload Watching for file changes with StatReloader
WARNING 2026-01-17 18:10:23,423 log Not Found: /favicon.ico
WARNING 2026-01-17 18:10:23,424 log "GET /favicon.ico HTTP/1.1" 404 2355
INFO 2026-01-17 18:11:02,573 autoreload Watching for file changes with StatReloader
INFO 2026-01-17 18:11:36,448 autoreload /Users/nuralikhoja/Desktop/assignments/numino/django_backend/numino/settings.py changed, reloading.
INFO 2026-01-17 18:11:36,574 autoreload /Users/nuralikhoja/Desktop/assignments/numino/django_backend/numino/settings.py changed, reloading.
INFO 2026-01-17 18:11:36,884 autoreload Watching for file changes with StatReloader
INFO 2026-01-17 18:11:37,097 autoreload Watching for file changes with StatReloader
INFO 2026-01-17 18:11:38,071 autoreload /Users/nuralikhoja/Desktop/assignments/numino/django_backend/numino/settings.py changed, reloading.
INFO 2026-01-17 18:11:38,235 autoreload Watching for file changes with StatReloader
INFO 2026-01-17 18:11:38,439 autoreload /Users/nuralikhoja/Desktop/assignments/numino/django_backend/numino/settings.py changed, reloading.
INFO 2026-01-17 18:11:38,865 autoreload Watching for file changes with StatReloader
WARNING 2026-01-17 18:11:46,681 log Not Found: /favicon.ico
WARNING 2026-01-17 18:11:46,681 log "GET /favicon.ico HTTP/1.1" 404 2355
INFO 2026-01-17 18:12:52,790 autoreload Watching for file changes with StatReloader
INFO 2026-01-17 18:13:10,462 log "GET /api/books?limit=20&recent=true HTTP/1.1" 301 0
INFO 2026-01-17 18:13:10,493 log "GET /api/books/?limit=20&recent=true HTTP/1.1" 200 178
INFO 2026-01-17 18:17:28,147 log "GET /api/books?limit=20&recent=true HTTP/1.1" 301 0
WARNING 2026-01-17 18:17:28,161 log Not Found: /favicon.ico
WARNING 2026-01-17 18:17:28,162 log "GET /favicon.ico HTTP/1.1" 404 2355
INFO 2026-01-17 18:17:28,196 log "GET /api/books/?limit=20&recent=true HTTP/1.1" 200 178
INFO 2026-01-17 18:17:28,214 log "GET /api/books/?limit=20&recent=true HTTP/1.1" 200 178
INFO 2026-01-17 18:17:41,068 log "GET /api/books?limit=20&search=&filter=all HTTP/1.1" 301 0
INFO 2026-01-17 18:17:41,181 log "GET /api/books/?limit=20&search=&filter=all HTTP/1.1" 200 178
INFO 2026-01-17 18:17:41,227 log "GET /api/books/?limit=20&search=&filter=all HTTP/1.1" 200 178
INFO 2026-01-17 18:17:52,523 log "GET /api/books/?limit=20&search=&filter=all HTTP/1.1" 200 178
INFO 2026-01-17 18:17:52,574 log "GET /api/books/?limit=20&search=&filter=all HTTP/1.1" 200 178
INFO 2026-01-17 18:18:05,681 log "GET /api/books?limit=20&search=&filter=all HTTP/1.1" 301 0
INFO 2026-01-17 18:18:05,742 log "GET /api/books/?limit=20&search=&filter=all HTTP/1.1" 200 178
INFO 2026-01-17 18:18:05,769 log "GET /api/books/?limit=20&search=&filter=all HTTP/1.1" 200 178
INFO 2026-01-17 18:18:08,544 log "GET /api/books/?limit=20&recent=true HTTP/1.1" 200 178
INFO 2026-01-17 18:18:08,581 log "GET /api/books/?limit=20&recent=true HTTP/1.1" 200 178
INFO 2026-01-17 18:18:25,533 log "GET /api/books/?limit=20&search=&filter=all HTTP/1.1" 200 178
INFO 2026-01-17 18:18:25,578 log "GET /api/books/?limit=20&search=&filter=all HTTP/1.1" 200 178
INFO 2026-01-17 18:18:52,757 log "GET /api/books/?limit=20&recent=true HTTP/1.1" 200 178
INFO 2026-01-17 18:18:52,772 log "GET /api/books/?limit=20&recent=true HTTP/1.1" 200 178
INFO 2026-01-17 18:19:03,347 log "GET /api/members?limit=20&search= HTTP/1.1" 301 0
INFO 2026-01-17 18:19:03,390 log "GET /api/members/?limit=20&search= HTTP/1.1" 200 139
INFO 2026-01-17 18:19:03,471 log "GET /api/members/?limit=20&search= HTTP/1.1" 200 139
INFO 2026-01-17 18:19:37,349 log "OPTIONS /api/books/ HTTP/1.1" 200 0
INFO 2026-01-17 18:19:55,663 log "GET /api/books/ HTTP/1.1" 200 178
INFO 2026-01-17 18:21:43,618 log "GET /api/books/?limit=20&search=&filter=all HTTP/1.1" 200 178
INFO 2026-01-17 18:21:43,639 log "GET /api/books/?limit=20&search=&filter=all HTTP/1.1" 200 178
INFO 2026-01-17 18:21:53,541 log "GET /api/members/?limit=20&search= HTTP/1.1" 200 139
INFO 2026-01-17 18:21:53,575 log "GET /api/members/?limit=20&search= HTTP/1.1" 200 139
INFO 2026-01-17 18:22:42,083 log "GET /api/books/?limit=20&search=&filter=all HTTP/1.1" 200 178
INFO 2026-01-17 18:22:42,107 log "GET /api/books/?limit=20&search=&filter=all HTTP/1.1" 200 178
WARNING 2026-01-17 18:22:47,557 log Not Found: /favicon.ico
WARNING 2026-01-17 18:22:47,559 log "GET /favicon.ico HTTP/1.1" 404 2355
INFO 2026-01-17 18:22:55,750 log "GET /api/books/?limit=20&search=&filter=all HTTP/1.1" 200 178
INFO 2026-01-17 18:22:55,764 log "GET /api/books/?limit=20&search=&filter=all HTTP/1.1" 200 178
INFO 2026-01-17 18:22:56,436 log "GET /api/members?limit=20&search= HTTP/1.1" 301 0
INFO 2026-01-17 18:22:56,455 log "GET /api/members/?limit=20&search= HTTP/1.1" 200 139
INFO 2026-01-17 18:22:56,472 log "GET /api/members/?limit=20&search= HTTP/1.1" 200 139
INFO 2026-01-17 18:23:03,522 log "OPTIONS /api/members HTTP/1.1" 200 0
ERROR 2026-01-17 18:23:03,551 log Internal Server Error: /api/members
Traceback (most recent call last):
  File "/Users/nuralikhoja/Desktop/assignments/numino/django_backend/venv/lib/python3.12/site-packages/django/core/handlers/exception.py", line 55, in inner
    response = get_response(request)
               ^^^^^^^^^^^^^^^^^^^^^
  File "/Users/nuralikhoja/Desktop/assignments/numino/django_backend/venv/lib/python3.12/site-packages/django/utils/deprecation.py", line 311, in __call__
    response = self.process_response(request, response)
               ^^^^^^^^^^^^^^^^^^^^^^^^^^^^^^^^^^^^^^^^
  File "/Users/nuralikhoja/Desktop/assignments/numino/django_backend/venv/lib/python3.12/site-packages/django/middleware/common.py", line 109, in process_response
    self.get_full_path_with_slash(request)
  File "/Users/nuralikhoja/Desktop/assignments/numino/django_backend/venv/lib/python3.12/site-packages/django/middleware/common.py", line 87, in get_full_path_with_slash
    raise RuntimeError(
RuntimeError: You called this URL via POST, but the URL doesn't end in a slash and you have APPEND_SLASH set. Django can't redirect to the slash URL while maintaining POST data. Change your form to point to localhost:8000/api/members/ (note the trailing slash), or set APPEND_SLASH=False in your Django settings.
ERROR 2026-01-17 18:23:03,554 log "POST /api/members HTTP/1.1" 500 16273
INFO 2026-01-17 18:24:18,863 log "GET /api/books?limit=20&recent=true HTTP/1.1" 301 0
INFO 2026-01-17 18:24:18,930 log "GET /api/books/?limit=20&recent=true HTTP/1.1" 200 178
INFO 2026-01-17 18:24:30,732 log "GET /api/books/?limit=20&search=&filter=all HTTP/1.1" 200 178
INFO 2026-01-17 18:24:30,758 log "GET /api/books/?limit=20&search=&filter=all HTTP/1.1" 200 178
INFO 2026-01-17 18:25:32,854 log "GET /api/books/?limit=20&search=&filter=all HTTP/1.1" 200 178
INFO 2026-01-17 18:25:32,874 log "GET /api/books/?limit=20&search=&filter=all HTTP/1.1" 200 178
INFO 2026-01-17 18:25:37,477 log "OPTIONS /api/books HTTP/1.1" 200 0
ERROR 2026-01-17 18:25:37,497 log Internal Server Error: /api/books
Traceback (most recent call last):
  File "/Users/nuralikhoja/Desktop/assignments/numino/django_backend/venv/lib/python3.12/site-packages/django/core/handlers/exception.py", line 55, in inner
    response = get_response(request)
               ^^^^^^^^^^^^^^^^^^^^^
  File "/Users/nuralikhoja/Desktop/assignments/numino/django_backend/venv/lib/python3.12/site-packages/django/utils/deprecation.py", line 311, in __call__
    response = self.process_response(request, response)
               ^^^^^^^^^^^^^^^^^^^^^^^^^^^^^^^^^^^^^^^^
  File "/Users/nuralikhoja/Desktop/assignments/numino/django_backend/venv/lib/python3.12/site-packages/django/middleware/common.py", line 109, in process_response
    self.get_full_path_with_slash(request)
  File "/Users/nuralikhoja/Desktop/assignments/numino/django_backend/venv/lib/python3.12/site-packages/django/middleware/common.py", line 87, in get_full_path_with_slash
    raise RuntimeError(
RuntimeError: You called this URL via POST, but the URL doesn't end in a slash and you have APPEND_SLASH set. Django can't redirect to the slash URL while maintaining POST data. Change your form to point to localhost:8000/api/books/ (note the trailing slash), or set APPEND_SLASH=False in your Django settings.
ERROR 2026-01-17 18:25:37,501 log "POST /api/books HTTP/1.1" 500 16261
ERROR 2026-01-17 18:28:05,686 log Internal Server Error: /api/books
Traceback (most recent call last):
  File "/Users/nuralikhoja/Desktop/assignments/numino/django_backend/venv/lib/python3.12/site-packages/django/core/handlers/exception.py", line 55, in inner
    response = get_response(request)
               ^^^^^^^^^^^^^^^^^^^^^
  File "/Users/nuralikhoja/Desktop/assignments/numino/django_backend/venv/lib/python3.12/site-packages/django/utils/deprecation.py", line 311, in __call__
    response = self.process_response(request, response)
               ^^^^^^^^^^^^^^^^^^^^^^^^^^^^^^^^^^^^^^^^
  File "/Users/nuralikhoja/Desktop/assignments/numino/django_backend/venv/lib/python3.12/site-packages/django/middleware/common.py", line 109, in process_response
    self.get_full_path_with_slash(request)
  File "/Users/nuralikhoja/Desktop/assignments/numino/django_backend/venv/lib/python3.12/site-packages/django/middleware/common.py", line 87, in get_full_path_with_slash
    raise RuntimeError(
RuntimeError: You called this URL via POST, but the URL doesn't end in a slash and you have APPEND_SLASH set. Django can't redirect to the slash URL while maintaining POST data. Change your form to point to localhost:8000/api/books/ (note the trailing slash), or set APPEND_SLASH=False in your Django settings.
ERROR 2026-01-17 18:28:05,690 log "POST /api/books HTTP/1.1" 500 16261
ERROR 2026-01-17 18:28:06,525 log Internal Server Error: /api/books
Traceback (most recent call last):
  File "/Users/nuralikhoja/Desktop/assignments/numino/django_backend/venv/lib/python3.12/site-packages/django/core/handlers/exception.py", line 55, in inner
    response = get_response(request)
               ^^^^^^^^^^^^^^^^^^^^^
  File "/Users/nuralikhoja/Desktop/assignments/numino/django_backend/venv/lib/python3.12/site-packages/django/utils/deprecation.py", line 311, in __call__
    response = self.process_response(request, response)
               ^^^^^^^^^^^^^^^^^^^^^^^^^^^^^^^^^^^^^^^^
  File "/Users/nuralikhoja/Desktop/assignments/numino/django_backend/venv/lib/python3.12/site-packages/django/middleware/common.py", line 109, in process_response
    self.get_full_path_with_slash(request)
  File "/Users/nuralikhoja/Desktop/assignments/numino/django_backend/venv/lib/python3.12/site-packages/django/middleware/common.py", line 87, in get_full_path_with_slash
    raise RuntimeError(
RuntimeError: You called this URL via POST, but the URL doesn't end in a slash and you have APPEND_SLASH set. Django can't redirect to the slash URL while maintaining POST data. Change your form to point to localhost:8000/api/books/ (note the trailing slash), or set APPEND_SLASH=False in your Django settings.
ERROR 2026-01-17 18:28:06,526 log "POST /api/books HTTP/1.1" 500 16261
INFO 2026-01-17 18:28:56,764 log "GET /api/books/?limit=20&recent=true HTTP/1.1" 200 178
INFO 2026-01-17 18:29:02,911 log "GET /api/books/?limit=20&recent=true HTTP/1.1" 200 178
INFO 2026-01-17 18:29:02,926 log "GET /api/books/?limit=20&recent=true HTTP/1.1" 200 178
INFO 2026-01-17 18:29:04,845 log "GET /api/books/?limit=20&search=&filter=all HTTP/1.1" 200 178
INFO 2026-01-17 18:29:04,865 log "GET /api/books/?limit=20&search=&filter=all HTTP/1.1" 200 178
INFO 2026-01-17 18:29:08,739 log "OPTIONS /api/books/ HTTP/1.1" 200 0
INFO 2026-01-17 18:29:08,798 log "POST /api/books/ HTTP/1.1" 201 165
INFO 2026-01-17 18:29:09,850 log "GET /api/books/?limit=20&search=&filter=all HTTP/1.1" 200 344
INFO 2026-01-17 18:29:09,877 log "GET /api/books/?limit=20&search=&filter=all HTTP/1.1" 200 344
INFO 2026-01-17 18:29:11,632 log "GET /api/members/?limit=20&search= HTTP/1.1" 200 139
INFO 2026-01-17 18:29:11,658 log "GET /api/members/?limit=20&search= HTTP/1.1" 200 139
INFO 2026-01-17 18:29:16,179 log "OPTIONS /api/members/ HTTP/1.1" 200 0
INFO 2026-01-17 18:29:16,209 log "POST /api/members/ HTTP/1.1" 201 148
INFO 2026-01-17 18:29:17,243 log "GET /api/members/?limit=20&search= HTTP/1.1" 200 288
INFO 2026-01-17 18:29:17,262 log "GET /api/members/?limit=20&search= HTTP/1.1" 200 288
INFO 2026-01-17 18:29:18,980 log "GET /api/members/1/borrowed-books/ HTTP/1.1" 200 2
INFO 2026-01-17 18:29:18,997 log "GET /api/members/1/borrowed-books/ HTTP/1.1" 200 2
INFO 2026-01-17 18:29:20,784 log "GET /api/members/?limit=20&search= HTTP/1.1" 200 288
INFO 2026-01-17 18:29:20,803 log "GET /api/members/?limit=20&search= HTTP/1.1" 200 288
INFO 2026-01-17 18:29:24,262 log "GET /api/books/?search=A HTTP/1.1" 200 344
WARNING 2026-01-17 18:29:27,902 log Not Found: /api/members/search/
WARNING 2026-01-17 18:29:27,903 log "GET /api/members/search/?q=A HTTP/1.1" 404 23
WARNING 2026-01-17 18:29:30,050 log Not Found: /api/members/search/
WARNING 2026-01-17 18:29:30,051 log "GET /api/members/search/?q=N HTTP/1.1" 404 23
WARNING 2026-01-17 18:29:35,887 log Not Found: /api/members/search/
WARNING 2026-01-17 18:29:35,887 log "GET /api/members/search/?q=A HTTP/1.1" 404 23
WARNING 2026-01-17 18:29:37,557 log Not Found: /api/members/search/
WARNING 2026-01-17 18:29:37,558 log "GET /api/members/search/?q=X HTTP/1.1" 404 23
INFO 2026-01-17 18:29:39,520 log "GET /api/members/?limit=20&search= HTTP/1.1" 200 288
INFO 2026-01-17 18:29:39,537 log "GET /api/members/?limit=20&search= HTTP/1.1" 200 288
INFO 2026-01-17 18:29:42,914 log "GET /api/books/?search=A HTTP/1.1" 200 344
WARNING 2026-01-17 18:29:46,159 log Not Found: /api/members/search/
WARNING 2026-01-17 18:29:46,160 log "GET /api/members/search/?q=Nurali+Khoja+(nuralikhoja%40gmail.com) HTTP/1.1" 404 23
WARNING 2026-01-17 18:29:48,833 log Not Found: /api/members/search/
WARNING 2026-01-17 18:29:48,833 log "GET /api/members/search/?q=N HTTP/1.1" 404 23
INFO 2026-01-17 18:29:54,967 log "GET /api/members/?limit=20&search= HTTP/1.1" 200 288
INFO 2026-01-17 18:29:54,987 log "GET /api/members/?limit=20&search= HTTP/1.1" 200 288
INFO 2026-01-17 18:29:59,161 log "GET /api/members/?limit=20&search= HTTP/1.1" 200 288
WARNING 2026-01-17 18:30:06,176 log Not Found: /api/members/search/
WARNING 2026-01-17 18:30:06,177 log "GET /api/members/search/?q=A HTTP/1.1" 404 23
WARNING 2026-01-17 18:30:22,042 log Not Found: /api/members/search/
WARNING 2026-01-17 18:30:22,044 log "GET /api/members/search/?q=A HTTP/1.1" 404 23
INFO 2026-01-17 18:30:24,756 log "GET /api/members/search?q=A HTTP/1.1" 301 0
WARNING 2026-01-17 18:30:24,758 log Not Found: /api/members/search/
WARNING 2026-01-17 18:30:24,758 log "GET /api/members/search/?q=A HTTP/1.1" 404 23
INFO 2026-01-17 18:30:30,583 log "GET /api/members/search?q=N HTTP/1.1" 301 0
WARNING 2026-01-17 18:30:30,586 log Not Found: /api/members/search/
WARNING 2026-01-17 18:30:30,587 log "GET /api/members/search/?q=N HTTP/1.1" 404 23
INFO 2026-01-17 18:30:37,499 log "GET /api/members/search?q=N HTTP/1.1" 301 0
WARNING 2026-01-17 18:30:37,504 log Not Found: /api/members/search/
WARNING 2026-01-17 18:30:37,504 log "GET /api/members/search/?q=N HTTP/1.1" 404 23
WARNING 2026-01-17 18:31:28,252 log Not Found: /api/members/search/
WARNING 2026-01-17 18:31:28,258 log "GET /api/members/search/?q=n HTTP/1.1" 404 23
INFO 2026-01-17 18:31:35,043 autoreload Watching for file changes with StatReloader
WARNING 2026-01-17 18:31:39,948 log Not Found: /api/members/search/
WARNING 2026-01-17 18:31:39,949 log "GET /api/members/search/?q=n HTTP/1.1" 404 23
INFO 2026-01-17 18:31:57,796 autoreload Watching for file changes with StatReloader
WARNING 2026-01-17 18:32:20,462 log Not Found: /api/members/search/
WARNING 2026-01-17 18:32:20,462 log "GET /api/members/search/?q=nu HTTP/1.1" 404 23
INFO 2026-01-17 18:32:56,873 log "GET /api/members/?limit=20&search= HTTP/1.1" 200 288
INFO 2026-01-17 18:32:56,917 log "GET /api/members/?limit=20&search= HTTP/1.1" 200 288
INFO 2026-01-17 18:32:59,020 log "GET /api/members/?limit=20&search=n HTTP/1.1" 200 150
INFO 2026-01-17 18:32:59,668 log "GET /api/members/?limit=20&search=nu HTTP/1.1" 200 150
INFO 2026-01-17 18:33:01,506 log "GET /api/members/?limit=20&search= HTTP/1.1" 200 288
INFO 2026-01-17 18:33:04,365 log "GET /api/members/?limit=20&search=n HTTP/1.1" 200 150
INFO 2026-01-17 18:33:04,489 log "GET /api/members/?limit=20&search=nu HTTP/1.1" 200 150
INFO 2026-01-17 18:33:13,505 log "GET /api/members/?limit=20&search= HTTP/1.1" 200 288
INFO 2026-01-17 18:33:13,532 log "GET /api/members/?limit=20&search= HTTP/1.1" 200 288
WARNING 2026-01-17 18:33:16,650 log Not Found: /borrow-book
WARNING 2026-01-17 18:33:16,651 log "GET /borrow-book HTTP/1.1" 404 2355
WARNING 2026-01-17 18:33:18,087 log Not Found: /api/members/search/
WARNING 2026-01-17 18:33:18,088 log "GET /api/members/search/?q=n HTTP/1.1" 404 23
WARNING 2026-01-17 18:37:41,795 log Not Found: /api/members//
WARNING 2026-01-17 18:37:41,796 log "GET /api/members//?search=n HTTP/1.1" 404 8433
WARNING 2026-01-17 18:37:44,524 log Not Found: /api/members//
WARNING 2026-01-17 18:37:44,525 log "GET /api/members//?search=nu HTTP/1.1" 404 8434
WARNING 2026-01-17 18:37:45,988 log Not Found: /api/members//
WARNING 2026-01-17 18:37:45,988 log "GET /api/members//?search=n HTTP/1.1" 404 8433
WARNING 2026-01-17 18:37:51,163 log Not Found: /api/members//
WARNING 2026-01-17 18:37:51,163 log "GET /api/members//?search=n HTTP/1.1" 404 8433
INFO 2026-01-17 18:38:21,468 log "GET /api/members/?search=n HTTP/1.1" 200 150
INFO 2026-01-17 18:38:23,658 log "GET /api/members/?search=Nurali+Khoja+(nuralikhoja%40gmail.com) HTTP/1.1" 200 2
INFO 2026-01-17 18:38:26,118 log "GET /api/books/?search=a HTTP/1.1" 200 344
INFO 2026-01-17 18:38:27,422 log "OPTIONS /api/books/1/borrow/ HTTP/1.1" 200 0
INFO 2026-01-17 18:38:27,477 log "POST /api/books/1/borrow/ HTTP/1.1" 200 117
INFO 2026-01-17 18:38:28,888 log "GET /api/books/?limit=20&recent=true HTTP/1.1" 200 377
INFO 2026-01-17 18:38:28,913 log "GET /api/books/?limit=20&recent=true HTTP/1.1" 200 377
INFO 2026-01-17 18:38:32,565 log "GET /api/members/?limit=20&search= HTTP/1.1" 200 288
INFO 2026-01-17 18:38:32,604 log "GET /api/members/?limit=20&search= HTTP/1.1" 200 288
INFO 2026-01-17 18:38:33,485 log "GET /api/members/1/borrowed-books/ HTTP/1.1" 200 2
INFO 2026-01-17 18:38:33,503 log "GET /api/members/1/borrowed-books/ HTTP/1.1" 200 2
INFO 2026-01-17 18:38:34,790 log "GET /api/members/?limit=20&search= HTTP/1.1" 200 288
INFO 2026-01-17 18:38:34,818 log "GET /api/members/?limit=20&search= HTTP/1.1" 200 288
INFO 2026-01-17 18:38:35,578 log "GET /api/members/2/borrowed-books/ HTTP/1.1" 200 211
INFO 2026-01-17 18:38:35,598 log "GET /api/members/2/borrowed-books/ HTTP/1.1" 200 211
INFO 2026-01-17 18:38:37,703 log "GET /api/books/?limit=20&recent=true HTTP/1.1" 200 377
INFO 2026-01-17 18:38:37,726 log "GET /api/books/?limit=20&recent=true HTTP/1.1" 200 377
INFO 2026-01-17 18:38:50,011 log "GET /api/books/?limit=20&recent=true HTTP/1.1" 200 377
INFO 2026-01-17 18:38:54,947 log "GET /api/books/?limit=20&search=&filter=all HTTP/1.1" 200 377
INFO 2026-01-17 18:38:54,964 log "GET /api/books/?limit=20&search=&filter=all HTTP/1.1" 200 377
INFO 2026-01-17 18:38:58,487 log "GET /api/books/?limit=20&search=&filter=all HTTP/1.1" 200 377
INFO 2026-01-17 18:39:01,879 log "OPTIONS /api/books/1/ HTTP/1.1" 200 0
INFO 2026-01-17 18:39:01,929 log "PUT /api/books/1/ HTTP/1.1" 200 211
INFO 2026-01-17 18:39:02,988 log "GET /api/books/?limit=20&search=&filter=all HTTP/1.1" 200 379
INFO 2026-01-17 18:39:03,013 log "GET /api/books/?limit=20&search=&filter=all HTTP/1.1" 200 379
INFO 2026-01-17 18:39:05,061 log "GET /api/members/?limit=20&search= HTTP/1.1" 200 288
INFO 2026-01-17 18:39:05,089 log "GET /api/members/?limit=20&search= HTTP/1.1" 200 288
INFO 2026-01-17 18:39:09,001 log "OPTIONS /api/members/1/ HTTP/1.1" 200 0
INFO 2026-01-17 18:39:09,036 log "PUT /api/members/1/ HTTP/1.1" 200 141
INFO 2026-01-17 18:39:10,081 log "GET /api/members/?limit=20&search= HTTP/1.1" 200 292
INFO 2026-01-17 18:39:10,117 log "GET /api/members/?limit=20&search= HTTP/1.1" 200 292
INFO 2026-01-17 18:39:16,126 log "GET /api/books/?limit=20&recent=true HTTP/1.1" 200 379
INFO 2026-01-17 18:39:16,151 log "GET /api/books/?limit=20&recent=true HTTP/1.1" 200 379
INFO 2026-01-17 18:46:24,197 log "GET /api/books/?limit=20&recent=true HTTP/1.1" 200 379
INFO 2026-01-17 18:46:24,216 log "GET /api/books/?limit=20&recent=true HTTP/1.1" 200 379
INFO 2026-01-17 18:46:30,173 log "OPTIONS /api/books/1/return_book/ HTTP/1.1" 200 0
WARNING 2026-01-17 18:46:30,205 log Not Found: /api/books/1/return_book/
WARNING 2026-01-17 18:46:30,205 log "POST /api/books/1/return_book/ HTTP/1.1" 404 8458
WARNING 2026-01-17 18:46:35,657 log Not Found: /api/books/1/return_book/
WARNING 2026-01-17 18:46:35,658 log "POST /api/books/1/return_book/ HTTP/1.1" 404 8458
INFO 2026-01-17 18:47:21,684 autoreload /Users/nuralikhoja/Desktop/assignments/numino/django_backend/library/views.py changed, reloading.
INFO 2026-01-17 18:47:22,430 autoreload Watching for file changes with StatReloader
INFO 2026-01-17 18:47:30,758 log "GET /api/books/?search=a HTTP/1.1" 200 379
INFO 2026-01-17 18:47:32,700 log "GET /api/members/?search=a HTTP/1.1" 200 292
INFO 2026-01-17 18:47:34,240 log "GET /api/members/?search=Alice+def+(alice%40example.com) HTTP/1.1" 200 2
INFO 2026-01-17 18:47:35,539 log "OPTIONS /api/books/2/borrow/ HTTP/1.1" 200 0
INFO 2026-01-17 18:47:35,582 log "POST /api/books/2/borrow/ HTTP/1.1" 200 117
INFO 2026-01-17 18:48:06,042 log "GET /api/members/?limit=20&search= HTTP/1.1" 200 292
INFO 2026-01-17 18:48:06,088 log "GET /api/members/?limit=20&search= HTTP/1.1" 200 292
INFO 2026-01-17 18:48:07,692 log "GET /api/books/?limit=20&search=&filter=all HTTP/1.1" 200 409
INFO 2026-01-17 18:48:07,718 log "GET /api/books/?limit=20&search=&filter=all HTTP/1.1" 200 409
INFO 2026-01-17 18:48:08,369 log "GET /api/books/?limit=20&recent=true HTTP/1.1" 200 409
INFO 2026-01-17 18:48:08,392 log "GET /api/books/?limit=20&recent=true HTTP/1.1" 200 409
INFO 2026-01-17 18:48:11,045 log "OPTIONS /api/books/1/return/ HTTP/1.1" 200 0
INFO 2026-01-17 18:48:11,077 log "POST /api/books/1/return/ HTTP/1.1" 200 117
INFO 2026-01-17 18:48:11,116 log "GET /api/books/?limit=20&recent=true HTTP/1.1" 200 376
INFO 2026-01-17 18:48:14,698 log "GET /api/members/?limit=20&search= HTTP/1.1" 200 292
INFO 2026-01-17 18:48:14,721 log "GET /api/members/?limit=20&search= HTTP/1.1" 200 292
INFO 2026-01-17 18:48:15,691 log "GET /api/books/?limit=20&search=&filter=all HTTP/1.1" 200 376
INFO 2026-01-17 18:48:15,720 log "GET /api/books/?limit=20&search=&filter=all HTTP/1.1" 200 376
INFO 2026-01-17 18:48:17,600 log "OPTIONS /api/books/2/return/ HTTP/1.1" 200 0
INFO 2026-01-17 18:48:17,644 log "POST /api/books/2/return/ HTTP/1.1" 200 117
INFO 2026-01-17 18:48:22,542 log "GET /api/books/?limit=20&search=&filter=all HTTP/1.1" 200 346
INFO 2026-01-17 18:48:30,505 log "GET /api/books/?search=a HTTP/1.1" 200 346
INFO 2026-01-17 18:48:32,377 log "GET /api/members/?search=a HTTP/1.1" 200 292
INFO 2026-01-17 18:48:33,098 log "GET /api/members/?search=Alice+def+(alice%40example.com) HTTP/1.1" 200 2
INFO 2026-01-17 18:48:33,295 log "OPTIONS /api/books/1/borrow/ HTTP/1.1" 200 0
INFO 2026-01-17 18:48:33,324 log "POST /api/books/1/borrow/ HTTP/1.1" 200 117
INFO 2026-01-17 18:48:35,943 log "GET /api/members/?limit=20&search= HTTP/1.1" 200 292
INFO 2026-01-17 18:48:35,965 log "GET /api/members/?limit=20&search= HTTP/1.1" 200 292
INFO 2026-01-17 18:48:36,906 log "GET /api/books/?limit=20&search=&filter=all HTTP/1.1" 200 376
INFO 2026-01-17 18:48:36,928 log "GET /api/books/?limit=20&search=&filter=all HTTP/1.1" 200 376
INFO 2026-01-17 18:48:38,811 log "POST /api/books/1/return/ HTTP/1.1" 200 117
WARNING 2026-01-17 18:49:11,418 log Bad Request: /api/books/1/return/
WARNING 2026-01-17 18:49:11,419 log "POST /api/books/1/return/ HTTP/1.1" 400 43
INFO 2026-01-17 18:50:06,722 log "GET /api/books/?limit=20&search=&filter=all HTTP/1.1" 200 346
INFO 2026-01-17 18:50:08,609 log "GET /api/books/?limit=20&search=&filter=all HTTP/1.1" 200 346
INFO 2026-01-17 18:50:10,502 log "GET /api/books/?limit=20&search=&filter=all HTTP/1.1" 200 346
INFO 2026-01-17 18:50:10,531 log "GET /api/books/?limit=20&search=&filter=all HTTP/1.1" 200 346
INFO 2026-01-17 18:50:20,293 log "GET /api/books/?search=a HTTP/1.1" 200 346
INFO 2026-01-17 18:50:22,161 log "GET /api/members/?search=a HTTP/1.1" 200 292
INFO 2026-01-17 18:50:22,981 log "GET /api/members/?search=Alice+def+(alice%40example.com) HTTP/1.1" 200 2
INFO 2026-01-17 18:50:23,204 log "POST /api/books/1/borrow/ HTTP/1.1" 200 117
INFO 2026-01-17 18:50:26,032 log "GET /api/members/?limit=20&search= HTTP/1.1" 200 292
INFO 2026-01-17 18:50:26,058 log "GET /api/members/?limit=20&search= HTTP/1.1" 200 292
INFO 2026-01-17 18:50:26,434 log "GET /api/books/?limit=20&search=&filter=all HTTP/1.1" 200 376
INFO 2026-01-17 18:50:26,459 log "GET /api/books/?limit=20&search=&filter=all HTTP/1.1" 200 376
INFO 2026-01-17 18:50:28,385 log "POST /api/books/1/return/ HTTP/1.1" 200 118
INFO 2026-01-17 18:50:28,426 log "GET /api/books/?limit=20&search=&filter=all HTTP/1.1" 200 346
INFO 2026-01-17 18:50:30,961 log "GET /api/books/?limit=20&recent=true HTTP/1.1" 200 346
INFO 2026-01-17 18:50:30,984 log "GET /api/books/?limit=20&recent=true HTTP/1.1" 200 346
INFO 2026-01-17 18:52:36,035 autoreload /Users/nuralikhoja/Desktop/assignments/numino/django_backend/library/serializers.py changed, reloading.
INFO 2026-01-17 18:52:36,685 autoreload Watching for file changes with StatReloader
INFO 2026-01-17 18:57:28,791 autoreload /Users/nuralikhoja/Desktop/assignments/numino/django_backend/library/models.py changed, reloading.
INFO 2026-01-17 18:57:29,488 autoreload Watching for file changes with StatReloader
INFO 2026-01-17 18:58:18,911 log "GET /api/members/search?q=N HTTP/1.1" 301 0
WARNING 2026-01-17 18:58:18,917 log Not Found: /api/members/search/
WARNING 2026-01-17 18:58:18,917 log "GET /api/members/search/?q=N HTTP/1.1" 404 23
ERROR 2026-01-17 18:58:28,013 log Internal Server Error: /api/books
Traceback (most recent call last):
  File "/Users/nuralikhoja/Desktop/assignments/numino/django_backend/venv/lib/python3.12/site-packages/django/core/handlers/exception.py", line 55, in inner
    response = get_response(request)
               ^^^^^^^^^^^^^^^^^^^^^
  File "/Users/nuralikhoja/Desktop/assignments/numino/django_backend/venv/lib/python3.12/site-packages/django/utils/deprecation.py", line 311, in __call__
    response = self.process_response(request, response)
               ^^^^^^^^^^^^^^^^^^^^^^^^^^^^^^^^^^^^^^^^
  File "/Users/nuralikhoja/Desktop/assignments/numino/django_backend/venv/lib/python3.12/site-packages/django/middleware/common.py", line 109, in process_response
    self.get_full_path_with_slash(request)
  File "/Users/nuralikhoja/Desktop/assignments/numino/django_backend/venv/lib/python3.12/site-packages/django/middleware/common.py", line 87, in get_full_path_with_slash
    raise RuntimeError(
RuntimeError: You called this URL via POST, but the URL doesn't end in a slash and you have APPEND_SLASH set. Django can't redirect to the slash URL while maintaining POST data. Change your form to point to localhost:8000/api/books/ (note the trailing slash), or set APPEND_SLASH=False in your Django settings.
ERROR 2026-01-17 18:58:28,014 log "POST /api/books HTTP/1.1" 500 30843
INFO 2026-01-17 18:58:31,984 log "POST /api/books/ HTTP/1.1" 201 166
WARNING 2026-01-17 18:58:41,479 log Not Found: /api/books/133/
WARNING 2026-01-17 18:58:41,480 log "PATCH /api/books/133/ HTTP/1.1" 404 45
INFO 2026-01-17 18:58:45,951 log "PATCH /api/books/1/ HTTP/1.1" 200 168
INFO 2026-01-17 18:59:05,083 log "GET /api/members/ HTTP/1.1" 200 292
WARNING 2026-01-17 18:59:29,255 log Bad Request: /api/members/
WARNING 2026-01-17 18:59:29,256 log "POST /api/members/ HTTP/1.1" 400 36
INFO 2026-01-17 18:59:38,703 log "POST /api/members/ HTTP/1.1" 201 128
INFO 2026-01-17 18:59:54,760 log "GET /api/books HTTP/1.1" 301 0
INFO 2026-01-17 18:59:54,784 log "GET /api/books/ HTTP/1.1" 200 503
WARNING 2026-01-17 19:00:18,305 log Not Found: /api/books/101/borrow/
WARNING 2026-01-17 19:00:18,306 log "POST /api/books/101/borrow/ HTTP/1.1" 404 39
INFO 2026-01-17 19:00:43,610 log "GET /api/members/ HTTP/1.1" 200 421
INFO 2026-01-17 19:01:28,202 log "GET /api/books/?limit=20&recent=true HTTP/1.1" 200 503
INFO 2026-01-17 19:01:28,227 log "GET /api/books/?limit=20&recent=true HTTP/1.1" 200 503
INFO 2026-01-17 19:09:15,791 autoreload /Users/nuralikhoja/Desktop/assignments/numino/django_backend/library/models.py changed, reloading.
INFO 2026-01-17 19:09:16,483 autoreload Watching for file changes with StatReloader
INFO 2026-01-17 19:10:54,749 log "GET /api/books/?limit=20&recent=true HTTP/1.1" 200 503
INFO 2026-01-17 19:10:54,763 log "GET /api/books/?limit=20&recent=true HTTP/1.1" 200 503
INFO 2026-01-17 19:10:57,741 log "GET /api/books/?limit=20&recent=true HTTP/1.1" 200 503
INFO 2026-01-17 19:11:04,605 log "GET /api/books/?limit=20&search=&filter=all HTTP/1.1" 200 503
INFO 2026-01-17 19:11:04,629 log "GET /api/books/?limit=20&search=&filter=all HTTP/1.1" 200 503
INFO 2026-01-17 19:11:08,067 log "OPTIONS /api/books/ HTTP/1.1" 200 0
INFO 2026-01-17 19:11:08,131 log "POST /api/books/ HTTP/1.1" 201 165
INFO 2026-01-17 19:11:09,175 log "GET /api/books/?limit=20&search=&filter=all HTTP/1.1" 200 669
INFO 2026-01-17 19:11:09,199 log "GET /api/books/?limit=20&search=&filter=all HTTP/1.1" 200 669
INFO 2026-01-17 19:11:14,443 log "GET /api/books/?search=q HTTP/1.1" 200 167
INFO 2026-01-17 19:11:17,052 log "GET /api/members/?search=a HTTP/1.1" 200 421
INFO 2026-01-17 19:11:17,831 log "GET /api/members/?search=Alice+def+(alice%40example.com) HTTP/1.1" 200 2
INFO 2026-01-17 19:11:18,047 log "OPTIONS /api/books/4/borrow/ HTTP/1.1" 200 0
INFO 2026-01-17 19:11:18,099 log "POST /api/books/4/borrow/ HTTP/1.1" 200 118
INFO 2026-01-17 19:11:21,119 log "GET /api/books/?limit=20&search=&filter=all HTTP/1.1" 200 699
INFO 2026-01-17 19:11:21,163 log "GET /api/books/?limit=20&search=&filter=all HTTP/1.1" 200 699
WARNING 2026-01-17 19:11:31,166 log Not Found: /api/books/4/borrow/
WARNING 2026-01-17 19:11:31,167 log "POST /api/books/4/borrow/ HTTP/1.1" 404 40
WARNING 2026-01-17 19:11:38,174 log Bad Request: /api/books/4/borrow/
WARNING 2026-01-17 19:11:38,174 log "POST /api/books/4/borrow/ HTTP/1.1" 400 37
INFO 2026-01-17 19:11:43,930 log "OPTIONS /api/books/4/return/ HTTP/1.1" 200 0
INFO 2026-01-17 19:11:43,994 log "POST /api/books/4/return/ HTTP/1.1" 200 118
INFO 2026-01-17 19:11:44,025 log "GET /api/books/?limit=20&search=&filter=all HTTP/1.1" 200 669
INFO 2026-01-17 19:11:45,858 log "POST /api/books/4/borrow/ HTTP/1.1" 200 118
WARNING 2026-01-17 19:12:07,696 log Not Found: /api/books/9/return/
WARNING 2026-01-17 19:12:07,697 log "POST /api/books/9/return/ HTTP/1.1" 404 37
WARNING 2026-01-17 19:12:12,634 log Bad Request: /api/books/4/return/
WARNING 2026-01-17 19:12:12,635 log "POST /api/books/4/return/ HTTP/1.1" 400 48
WARNING 2026-01-17 19:12:17,905 log Not Found: /api/books/4/return/
WARNING 2026-01-17 19:12:17,906 log "POST /api/books/4/return/ HTTP/1.1" 404 39
INFO 2026-01-17 19:12:27,367 log "POST /api/books/4/return/ HTTP/1.1" 200 118
